Using pre-set license
Built from '2020.2/release' branch; Version is '2020.2.1f1 (270dd8c3da1c) revision 2559448'; Using compiler version '192528614'; Build Type 'Release'
OS: 'Windows 10  (10.0.0) 64bit' Language: 'zh' Physical Memory: 32693 MB
BatchMode: 1, IsHumanControllingUs: 0, StartBugReporterOnCrash: 0, Is64bit: 1, IsPro: 0

 COMMAND LINE ARGUMENTS:
D:\2020.2.1f1\Editor\Unity.exe
-adb2
-batchMode
-noUpm
-name
AssetImportWorker0
-projectPath
C:/Users/Administrator/Desktop/151/week3_UnityMockMiterm_v2020/week3_UnityMockMiterm_v2020/BallDemo_MockMidterm
-logFile
Logs/AssetImportWorker0.log
-srvPort
60960
Successfully changed project path to: C:/Users/Administrator/Desktop/151/week3_UnityMockMiterm_v2020/week3_UnityMockMiterm_v2020/BallDemo_MockMidterm
C:/Users/Administrator/Desktop/151/week3_UnityMockMiterm_v2020/week3_UnityMockMiterm_v2020/BallDemo_MockMidterm
Using Asset Import Pipeline V2.
Refreshing native plugins compatible for Editor in 46.84 ms, found 0 plugins.
Preloading 0 native plugins for Editor in 0.00 ms.
Initialize engine version: 2020.2.1f1 (270dd8c3da1c)
[Subsystems] Discovering subsystems at path D:/2020.2.1f1/Editor/Data/Resources/UnitySubsystems
[Subsystems] Discovering subsystems at path C:/Users/Administrator/Desktop/151/week3_UnityMockMiterm_v2020/week3_UnityMockMiterm_v2020/BallDemo_MockMidterm/Assets
GfxDevice: creating device client; threaded=0
Direct3D:
    Version:  Direct3D 11.0 [level 11.1]
    Renderer: NVIDIA GeForce RTX 3080 (ID=0x2206)
    Vendor:   
    VRAM:     10078 MB
    Driver:   31.0.15.1694
Initialize mono
Mono path[0] = 'D:/2020.2.1f1/Editor/Data/Managed'
Mono path[1] = 'D:/2020.2.1f1/Editor/Data/MonoBleedingEdge/lib/mono/unityjit'
Mono config path = 'D:/2020.2.1f1/Editor/Data/MonoBleedingEdge/etc'
Using monoOptions --debugger-agent=transport=dt_socket,embedding=1,server=y,suspend=n,address=127.0.0.1:56072
Begin MonoManager ReloadAssembly
Registering precompiled unity dll's ...
Register platform support module: D:/2020.2.1f1/Editor/Data/PlaybackEngines/WindowsStandaloneSupport/UnityEditor.WindowsStandalone.Extensions.dll
Registered in 0.000712 seconds.
Native extension for WindowsStandalone target not found
Refreshing native plugins compatible for Editor in 40.22 ms, found 0 plugins.
Preloading 0 native plugins for Editor in 0.00 ms.
Invoked RoslynAnalysisRunner static constructor.
RoslynAnalysisRunner will not be running.
RoslynAnalysisRunner has terminated.
Mono: successfully reloaded assembly
- Completed reload, in  0.626 seconds
Platform modules already initialized, skipping
Registering precompiled user dll's ...
Registered in 0.007615 seconds.
Begin MonoManager ReloadAssembly
Native extension for WindowsStandalone target not found
Refreshing native plugins compatible for Editor in 0.45 ms, found 0 plugins.
Preloading 0 native plugins for Editor in 0.00 ms.
Invoked RoslynAnalysisRunner static constructor.
RoslynAnalysisRunner will not be running.
RoslynAnalysisRunner has terminated.
Mono: successfully reloaded assembly
- Completed reload, in  0.610 seconds
Platform modules already initialized, skipping
========================================================================
Worker process is ready to serve import requests
Launched and connected shader compiler UnityShaderCompiler.exe after 0.05 seconds
Refreshing native plugins compatible for Editor in 0.40 ms, found 0 plugins.
Preloading 0 native plugins for Editor in 0.00 ms.
Unloading 1524 Unused Serialized files (Serialized files now loaded: 0)
System memory in use before: 69.1 MB.
System memory in use after: 69.2 MB.

Unloading 37 unused Assets to reduce memory usage. Loaded Objects now: 1950.
Total: 1.635900 ms (FindLiveObjects: 0.162000 ms CreateObjectMapping: 0.047800 ms MarkObjects: 1.377300 ms  DeleteObjects: 0.048000 ms)

========================================================================
Received Import Request.
  path: Assets/OSCHandler.cs
  artifactKey: Guid(cd94fd264c03442c2a4e7191b57d7cda) Importer(815301076,1909f56bfc062723c751e8b465ee728b)
Start importing Assets/OSCHandler.cs using Guid(cd94fd264c03442c2a4e7191b57d7cda) Importer(815301076,1909f56bfc062723c751e8b465ee728b)  -> (artifact id: 'dcef1f8e8e5074310a988e0756679bfc') in 0.040426 seconds
  Import took 0.042446 seconds .

========================================================================
Received Prepare
Refreshing native plugins compatible for Editor in 12.33 ms, found 0 plugins.
Preloading 0 native plugins for Editor in 0.00 ms.
Unloading 27 Unused Serialized files (Serialized files now loaded: 0)
System memory in use before: 38.9 MB.
System memory in use after: 39.0 MB.

Unloading 26 unused Assets to reduce memory usage. Loaded Objects now: 1950.
Total: 1.636000 ms (FindLiveObjects: 0.187500 ms CreateObjectMapping: 0.039800 ms MarkObjects: 1.387300 ms  DeleteObjects: 0.020500 ms)

AssetImportWorkerClient::OnTransportError - code=2 error=End of file
